<?xml version="1.0" encoding="UTF-8"?>
<!-- Generated by org.testng.reporters.JUnitXMLReporter -->
<testsuite ignored="0" hostname="DESKTOP-DN6VNKM" failures="1" tests="1" name="Test" time="9.304" errors="0" timestamp="2023-10-27T00:20:24 IST">
  <testcase classname="com.actitime.Testcases.ActitimeLoginTest" name="Login" time="9.224">
    <failure type="java.lang.IllegalMonitorStateException" message="current thread is not owner">
      <![CDATA[java.lang.IllegalMonitorStateException: current thread is not owner
at java.base/java.lang.Object.wait(Native Method)
at com.actitime.Testcases.ActitimeLoginTest.Login(ActitimeLoginTest.java:19)
at java.base/java.util.ArrayList.forEach(ArrayList.java:1511)
... Removed 27 stack frames]]>
    </failure>
  </testcase> <!-- Login -->
</testsuite> <!-- Test -->
